Rexxie Explorer API running on port 3001
http://localhost:3001/
Indexer starting. Queue: 2, Processed: 0
Processing: d0ef96ba41763162...
  send | app=Tique Case | relayNFT=true
  Queueing input tx: 2e46dd39ffbec5c7...
Processing: 2e46dd39ffbec5c7...
  send | app=Tique Case | relayNFT=true
  Queueing input tx: 75ffc35f8100d4e5...
Processing: 75ffc35f8100d4e5...
  send | app=Tique Case | relayNFT=true
  Queueing input tx: f13adf4155082104...
Processing: f13adf4155082104...
  No Run payload
Processing: ab772754507274d1...
  mint | app=relayx.io | relayNFT=true
  Minted: "relayx.io" → 12nG9uFESfdyE9SdYHVXQeCGFdfYLcdYZG
Processing: d0ef96ba41763162...
  send | app=Tique Case | relayNFT=true
  Queueing input tx: 2e46dd39ffbec5c7...
Processing: 2e46dd39ffbec5c7...
  send | app=Tique Case | relayNFT=true
  Queueing input tx: 75ffc35f8100d4e5...
Processing: 75ffc35f8100d4e5...
  send | app=Tique Case | relayNFT=true
  New NFT from send: "Tique Case" → 1MboUtqFY8EvBGUGkc5KQrLUdT9NqGhqmC
Discovering Rexxie mints from address 12nG9uFESfdyE9SdYHVXQeCGFdfYLcdYZG...
  Rexxie COL class: 12d8ca4bc0eaf26660627cc1671de6a0047246f39f3aa06633f8204223d70cc5
Processing: d0ef96ba41763162...
  send | app=Tique Case | relayNFT=true
  Queueing input tx: 2e46dd39ffbec5c7...
Processing: 2e46dd39ffbec5c7...
  send | app=Tique Case | relayNFT=true
  Send: "Tique Case" → 14hSUM81pWxDJDLsnE9kxm3AJ76KQUfomQ
  Address has 6399 total txs
Processing: d0ef96ba41763162...
  send | app=Tique Case | relayNFT=true
  Send: "Tique Case" → 13JEeQFWxED8u1D7GxY9cd3Qbw6Y81eTUa
Indexer done. 2 NFTs indexed.
